2015/03/22 06:23:51 [error] [exception.CHttpException.404] exception 'CHttpException' with message 'Unable to resolve the request "evento/admin".' in C:\xampp\htdocs\topicosweb\framework\web\CWebApplication.php:286
Stack trace:
#0 C:\xampp\htdocs\topicosweb\framework\web\CWebApplication.php(141): CWebApplication->runController('evento/admin')
#1 C:\xampp\htdocs\topicosweb\framework\base\CApplication.php(184): CWebApplication->processRequest()
#2 C:\xampp\htdocs\topicosweb\11030704\congreso\index.php(13): CApplication->run()
#3 {main}
REQUEST_URI=/topicosweb/11030704/congreso/?r=evento/admin
HTTP_REFERER=http://localhost/topicosweb/11030704/congreso/
---
2015/03/22 06:25:17 [error] [exception.CHttpException.404] exception 'CHttpException' with message 'Unable to resolve the request "evento/admin".' in C:\xampp\htdocs\topicosweb\framework\web\CWebApplication.php:286
Stack trace:
#0 C:\xampp\htdocs\topicosweb\framework\web\CWebApplication.php(141): CWebApplication->runController('evento/admin')
#1 C:\xampp\htdocs\topicosweb\framework\base\CApplication.php(184): CWebApplication->processRequest()
#2 C:\xampp\htdocs\topicosweb\11030704\congreso\index.php(13): CApplication->run()
#3 {main}
REQUEST_URI=/topicosweb/11030704/congreso/?r=evento/admin
HTTP_REFERER=http://localhost/topicosweb/11030704/congreso/
---
2015/03/24 00:49:35 [error] [exception.CHttpException.404] exception 'CHttpException' with message 'Unable to resolve the request "site=index".' in C:\xampp\htdocs\topicos\framework\web\CWebApplication.php:286
Stack trace:
#0 C:\xampp\htdocs\topicos\framework\web\CWebApplication.php(141): CWebApplication->runController('site=index')
#1 C:\xampp\htdocs\topicos\framework\base\CApplication.php(184): CWebApplication->processRequest()
#2 C:\xampp\htdocs\topicos\congreso\index.php(13): CApplication->run()
#3 {main}
REQUEST_URI=/topicos/congreso/index.php?r=site=index
---
2015/03/25 16:27:07 [error] [exception.CHttpException.404] exception 'CHttpException' with message 'Unable to resolve the request "admin/view".' in C:\xampp\htdocs\topicosweb\framework\web\CWebApplication.php:286
Stack trace:
#0 C:\xampp\htdocs\topicosweb\framework\web\CWebApplication.php(141): CWebApplication->runController('admin/view')
#1 C:\xampp\htdocs\topicosweb\framework\base\CApplication.php(184): CWebApplication->processRequest()
#2 C:\xampp\htdocs\topicosweb\congreso\index.php(13): CApplication->run()
#3 {main}
REQUEST_URI=/topicosweb/congreso/index.php?r=admin/view
HTTP_REFERER=http://localhost:8080/topicosweb/congreso/index.php
---
2015/03/25 16:27:31 [error] [exception.CHttpException.404] exception 'CHttpException' with message 'Unable to resolve the request "admin/view".' in C:\xampp\htdocs\topicosweb\framework\web\CWebApplication.php:286
Stack trace:
#0 C:\xampp\htdocs\topicosweb\framework\web\CWebApplication.php(141): CWebApplication->runController('admin/view')
#1 C:\xampp\htdocs\topicosweb\framework\base\CApplication.php(184): CWebApplication->processRequest()
#2 C:\xampp\htdocs\topicosweb\congreso\index.php(13): CApplication->run()
#3 {main}
REQUEST_URI=/topicosweb/congreso/index.php?r=admin/view
HTTP_REFERER=http://localhost:8080/topicosweb/congreso/index.php
---
2015/03/26 00:29:16 [error] [exception.CHttpException.404] exception 'CHttpException' with message 'The system is unable to find the requested action "view".' in C:\xampp\htdocs\topicosweb\framework\web\CController.php:483
Stack trace:
#0 C:\xampp\htdocs\topicosweb\framework\web\CController.php(270): CController->missingAction('view')
#1 C:\xampp\htdocs\topicosweb\framework\web\CWebApplication.php(282): CController->run('view')
#2 C:\xampp\htdocs\topicosweb\framework\web\CWebApplication.php(141): CWebApplication->runController('site/view')
#3 C:\xampp\htdocs\topicosweb\framework\base\CApplication.php(184): CWebApplication->processRequest()
#4 C:\xampp\htdocs\topicosweb\congreso\index.php(13): CApplication->run()
#5 {main}
REQUEST_URI=/topicosweb/congreso/index.php?r=site/view&id=6
HTTP_REFERER=http://localhost:8080/topicosweb/congreso/index.php?r=site/index
---
2015/03/26 00:30:23 [error] [exception.CHttpException.404] exception 'CHttpException' with message 'The system is unable to find the requested action "usuarioRegistrado".' in C:\xampp\htdocs\topicosweb\framework\web\CController.php:483
Stack trace:
#0 C:\xampp\htdocs\topicosweb\framework\web\CController.php(270): CController->missingAction('usuarioRegistra...')
#1 C:\xampp\htdocs\topicosweb\framework\web\CWebApplication.php(282): CController->run('usuarioRegistra...')
#2 C:\xampp\htdocs\topicosweb\framework\web\CWebApplication.php(141): CWebApplication->runController('site/usuarioReg...')
#3 C:\xampp\htdocs\topicosweb\framework\base\CApplication.php(184): CWebApplication->processRequest()
#4 C:\xampp\htdocs\topicosweb\congreso\index.php(13): CApplication->run()
#5 {main}
REQUEST_URI=/topicosweb/congreso/index.php?r=site/usuarioRegistrado
---
2015/04/13 05:31:49 [error] [php] Undefined variable: dataProvider (C:\xampp\htdocs\congresos\vistaYregistro\congreso\protected\views\site\index.php:306)
Stack trace:
#0 C:\xampp\htdocs\congresos\vistaYregistro\framework\web\CController.php(869): SiteController->renderFile()
#1 C:\xampp\htdocs\congresos\vistaYregistro\framework\web\CController.php(782): SiteController->renderPartial()
#2 C:\xampp\htdocs\congresos\vistaYregistro\congreso\protected\controllers\SiteController.php(66): SiteController->render()
#3 C:\xampp\htdocs\congresos\vistaYregistro\framework\web\actions\CInlineAction.php(49): SiteController->actionIndex()
#4 C:\xampp\htdocs\congresos\vistaYregistro\framework\web\CController.php(308): CInlineAction->runWithParams()
#5 C:\xampp\htdocs\congresos\vistaYregistro\framework\web\CController.php(286): SiteController->runAction()
#6 C:\xampp\htdocs\congresos\vistaYregistro\framework\web\CController.php(265): SiteController->runActionWithFilters()
#7 C:\xampp\htdocs\congresos\vistaYregistro\framework\web\CWebApplication.php(282): SiteController->run()
#8 C:\xampp\htdocs\congresos\vistaYregistro\framework\web\CWebApplication.php(141): CWebApplication->runController()
#9 C:\xampp\htdocs\congresos\vistaYregistro\framework\base\CApplication.php(184): CWebApplication->processRequest()
#10 C:\xampp\htdocs\congresos\vistaYregistro\congreso\index.php(13): CWebApplication->run()
REQUEST_URI=/congresos/vistaYregistro/congreso/index.php?r=site/index
in C:\xampp\htdocs\congresos\vistaYregistro\congreso\protected\views\site\index.php (306)
in C:\xampp\htdocs\congresos\vistaYregistro\congreso\protected\controllers\SiteController.php (66)
in C:\xampp\htdocs\congresos\vistaYregistro\congreso\index.php (13)
2015/04/13 05:33:58 [error] [php] Undefined variable: dataProvider (C:\xampp\htdocs\congresos\vistaYregistro\congreso\protected\views\site\index.php:306)
Stack trace:
#0 C:\xampp\htdocs\congresos\vistaYregistro\framework\web\CController.php(869): SiteController->renderFile()
#1 C:\xampp\htdocs\congresos\vistaYregistro\framework\web\CController.php(782): SiteController->renderPartial()
#2 C:\xampp\htdocs\congresos\vistaYregistro\congreso\protected\controllers\SiteController.php(66): SiteController->render()
#3 C:\xampp\htdocs\congresos\vistaYregistro\framework\web\actions\CInlineAction.php(49): SiteController->actionIndex()
#4 C:\xampp\htdocs\congresos\vistaYregistro\framework\web\CController.php(308): CInlineAction->runWithParams()
#5 C:\xampp\htdocs\congresos\vistaYregistro\framework\web\CController.php(286): SiteController->runAction()
#6 C:\xampp\htdocs\congresos\vistaYregistro\framework\web\CController.php(265): SiteController->runActionWithFilters()
#7 C:\xampp\htdocs\congresos\vistaYregistro\framework\web\CWebApplication.php(282): SiteController->run()
#8 C:\xampp\htdocs\congresos\vistaYregistro\framework\web\CWebApplication.php(141): CWebApplication->runController()
#9 C:\xampp\htdocs\congresos\vistaYregistro\framework\base\CApplication.php(184): CWebApplication->processRequest()
#10 C:\xampp\htdocs\congresos\vistaYregistro\congreso\index.php(13): CWebApplication->run()
REQUEST_URI=/congresos/vistaYregistro/congreso/index.php?r=site/index
in C:\xampp\htdocs\congresos\vistaYregistro\congreso\protected\views\site\index.php (306)
in C:\xampp\htdocs\congresos\vistaYregistro\congreso\protected\controllers\SiteController.php (66)
in C:\xampp\htdocs\congresos\vistaYregistro\congreso\index.php (13)
2015/04/13 05:34:01 [error] [php] Undefined variable: dataProvider (C:\xampp\htdocs\congresos\vistaYregistro\congreso\protected\views\site\index.php:306)
Stack trace:
#0 C:\xampp\htdocs\congresos\vistaYregistro\framework\web\CController.php(869): SiteController->renderFile()
#1 C:\xampp\htdocs\congresos\vistaYregistro\framework\web\CController.php(782): SiteController->renderPartial()
#2 C:\xampp\htdocs\congresos\vistaYregistro\congreso\protected\controllers\SiteController.php(66): SiteController->render()
#3 C:\xampp\htdocs\congresos\vistaYregistro\framework\web\actions\CInlineAction.php(49): SiteController->actionIndex()
#4 C:\xampp\htdocs\congresos\vistaYregistro\framework\web\CController.php(308): CInlineAction->runWithParams()
#5 C:\xampp\htdocs\congresos\vistaYregistro\framework\web\CController.php(286): SiteController->runAction()
#6 C:\xampp\htdocs\congresos\vistaYregistro\framework\web\CController.php(265): SiteController->runActionWithFilters()
#7 C:\xampp\htdocs\congresos\vistaYregistro\framework\web\CWebApplication.php(282): SiteController->run()
#8 C:\xampp\htdocs\congresos\vistaYregistro\framework\web\CWebApplication.php(141): CWebApplication->runController()
#9 C:\xampp\htdocs\congresos\vistaYregistro\framework\base\CApplication.php(184): CWebApplication->processRequest()
#10 C:\xampp\htdocs\congresos\vistaYregistro\congreso\index.php(13): CWebApplication->run()
REQUEST_URI=/congresos/vistaYregistro/congreso/index.php?r=site/index
in C:\xampp\htdocs\congresos\vistaYregistro\congreso\protected\views\site\index.php (306)
in C:\xampp\htdocs\congresos\vistaYregistro\congreso\protected\controllers\SiteController.php (66)
in C:\xampp\htdocs\congresos\vistaYregistro\congreso\index.php (13)
2015/04/13 05:34:17 [error] [php] Undefined variable: dataProvider (C:\xampp\htdocs\congresos\vistaYregistro\congreso\protected\views\site\index.php:306)
Stack trace:
#0 C:\xampp\htdocs\congresos\vistaYregistro\framework\web\CController.php(869): SiteController->renderFile()
#1 C:\xampp\htdocs\congresos\vistaYregistro\framework\web\CController.php(782): SiteController->renderPartial()
#2 C:\xampp\htdocs\congresos\vistaYregistro\congreso\protected\controllers\SiteController.php(66): SiteController->render()
#3 C:\xampp\htdocs\congresos\vistaYregistro\framework\web\actions\CInlineAction.php(49): SiteController->actionIndex()
#4 C:\xampp\htdocs\congresos\vistaYregistro\framework\web\CController.php(308): CInlineAction->runWithParams()
#5 C:\xampp\htdocs\congresos\vistaYregistro\framework\web\CController.php(286): SiteController->runAction()
#6 C:\xampp\htdocs\congresos\vistaYregistro\framework\web\CController.php(265): SiteController->runActionWithFilters()
#7 C:\xampp\htdocs\congresos\vistaYregistro\framework\web\CWebApplication.php(282): SiteController->run()
#8 C:\xampp\htdocs\congresos\vistaYregistro\framework\web\CWebApplication.php(141): CWebApplication->runController()
#9 C:\xampp\htdocs\congresos\vistaYregistro\framework\base\CApplication.php(184): CWebApplication->processRequest()
#10 C:\xampp\htdocs\congresos\vistaYregistro\congreso\index.php(13): CWebApplication->run()
REQUEST_URI=/congresos/vistaYregistro/congreso/
in C:\xampp\htdocs\congresos\vistaYregistro\congreso\protected\views\site\index.php (306)
in C:\xampp\htdocs\congresos\vistaYregistro\congreso\protected\controllers\SiteController.php (66)
in C:\xampp\htdocs\congresos\vistaYregistro\congreso\index.php (13)
2015/04/13 05:34:21 [error] [php] Undefined variable: dataProvider (C:\xampp\htdocs\congresos\vistaYregistro\congreso\protected\views\site\index.php:306)
Stack trace:
#0 C:\xampp\htdocs\congresos\vistaYregistro\framework\web\CController.php(869): SiteController->renderFile()
#1 C:\xampp\htdocs\congresos\vistaYregistro\framework\web\CController.php(782): SiteController->renderPartial()
#2 C:\xampp\htdocs\congresos\vistaYregistro\congreso\protected\controllers\SiteController.php(66): SiteController->render()
#3 C:\xampp\htdocs\congresos\vistaYregistro\framework\web\actions\CInlineAction.php(49): SiteController->actionIndex()
#4 C:\xampp\htdocs\congresos\vistaYregistro\framework\web\CController.php(308): CInlineAction->runWithParams()
#5 C:\xampp\htdocs\congresos\vistaYregistro\framework\web\CController.php(286): SiteController->runAction()
#6 C:\xampp\htdocs\congresos\vistaYregistro\framework\web\CController.php(265): SiteController->runActionWithFilters()
#7 C:\xampp\htdocs\congresos\vistaYregistro\framework\web\CWebApplication.php(282): SiteController->run()
#8 C:\xampp\htdocs\congresos\vistaYregistro\framework\web\CWebApplication.php(141): CWebApplication->runController()
#9 C:\xampp\htdocs\congresos\vistaYregistro\framework\base\CApplication.php(184): CWebApplication->processRequest()
#10 C:\xampp\htdocs\congresos\vistaYregistro\congreso\index.php(13): CWebApplication->run()
REQUEST_URI=/congresos/vistaYregistro/congreso/
in C:\xampp\htdocs\congresos\vistaYregistro\congreso\protected\views\site\index.php (306)
in C:\xampp\htdocs\congresos\vistaYregistro\congreso\protected\controllers\SiteController.php (66)
in C:\xampp\htdocs\congresos\vistaYregistro\congreso\index.php (13)
2015/04/13 05:36:29 [error] [php] Undefined variable: dataProvider (C:\xampp\htdocs\congresos\vistaYregistro\congreso\protected\views\site\index.php:306)
Stack trace:
#0 C:\xampp\htdocs\congresos\vistaYregistro\framework\web\CController.php(869): SiteController->renderFile()
#1 C:\xampp\htdocs\congresos\vistaYregistro\framework\web\CController.php(782): SiteController->renderPartial()
#2 C:\xampp\htdocs\congresos\vistaYregistro\congreso\protected\controllers\SiteController.php(66): SiteController->render()
#3 C:\xampp\htdocs\congresos\vistaYregistro\framework\web\actions\CInlineAction.php(49): SiteController->actionIndex()
#4 C:\xampp\htdocs\congresos\vistaYregistro\framework\web\CController.php(308): CInlineAction->runWithParams()
#5 C:\xampp\htdocs\congresos\vistaYregistro\framework\web\CController.php(286): SiteController->runAction()
#6 C:\xampp\htdocs\congresos\vistaYregistro\framework\web\CController.php(265): SiteController->runActionWithFilters()
#7 C:\xampp\htdocs\congresos\vistaYregistro\framework\web\CWebApplication.php(282): SiteController->run()
#8 C:\xampp\htdocs\congresos\vistaYregistro\framework\web\CWebApplication.php(141): CWebApplication->runController()
#9 C:\xampp\htdocs\congresos\vistaYregistro\framework\base\CApplication.php(184): CWebApplication->processRequest()
#10 C:\xampp\htdocs\congresos\vistaYregistro\congreso\index.php(13): CWebApplication->run()
REQUEST_URI=/congresos/vistaYregistro/congreso/
in C:\xampp\htdocs\congresos\vistaYregistro\congreso\protected\views\site\index.php (306)
in C:\xampp\htdocs\congresos\vistaYregistro\congreso\protected\controllers\SiteController.php (66)
in C:\xampp\htdocs\congresos\vistaYregistro\congreso\index.php (13)
2015/04/13 05:36:31 [error] [php] Undefined variable: dataProvider (C:\xampp\htdocs\congresos\vistaYregistro\congreso\protected\views\site\index.php:306)
Stack trace:
#0 C:\xampp\htdocs\congresos\vistaYregistro\framework\web\CController.php(869): SiteController->renderFile()
#1 C:\xampp\htdocs\congresos\vistaYregistro\framework\web\CController.php(782): SiteController->renderPartial()
#2 C:\xampp\htdocs\congresos\vistaYregistro\congreso\protected\controllers\SiteController.php(66): SiteController->render()
#3 C:\xampp\htdocs\congresos\vistaYregistro\framework\web\actions\CInlineAction.php(49): SiteController->actionIndex()
#4 C:\xampp\htdocs\congresos\vistaYregistro\framework\web\CController.php(308): CInlineAction->runWithParams()
#5 C:\xampp\htdocs\congresos\vistaYregistro\framework\web\CController.php(286): SiteController->runAction()
#6 C:\xampp\htdocs\congresos\vistaYregistro\framework\web\CController.php(265): SiteController->runActionWithFilters()
#7 C:\xampp\htdocs\congresos\vistaYregistro\framework\web\CWebApplication.php(282): SiteController->run()
#8 C:\xampp\htdocs\congresos\vistaYregistro\framework\web\CWebApplication.php(141): CWebApplication->runController()
#9 C:\xampp\htdocs\congresos\vistaYregistro\framework\base\CApplication.php(184): CWebApplication->processRequest()
#10 C:\xampp\htdocs\congresos\vistaYregistro\congreso\index.php(13): CWebApplication->run()
REQUEST_URI=/congresos/vistaYregistro/congreso/
in C:\xampp\htdocs\congresos\vistaYregistro\congreso\protected\views\site\index.php (306)
in C:\xampp\htdocs\congresos\vistaYregistro\congreso\protected\controllers\SiteController.php (66)
in C:\xampp\htdocs\congresos\vistaYregistro\congreso\index.php (13)
2015/04/13 05:37:37 [error] [php] Undefined variable: dataProvider (C:\xampp\htdocs\congresos\vistaYregistro\congreso\protected\views\site\index.php:306)
Stack trace:
#0 C:\xampp\htdocs\congresos\vistaYregistro\framework\web\CController.php(869): SiteController->renderFile()
#1 C:\xampp\htdocs\congresos\vistaYregistro\framework\web\CController.php(782): SiteController->renderPartial()
#2 C:\xampp\htdocs\congresos\vistaYregistro\congreso\protected\controllers\SiteController.php(66): SiteController->render()
#3 C:\xampp\htdocs\congresos\vistaYregistro\framework\web\actions\CInlineAction.php(49): SiteController->actionIndex()
#4 C:\xampp\htdocs\congresos\vistaYregistro\framework\web\CController.php(308): CInlineAction->runWithParams()
#5 C:\xampp\htdocs\congresos\vistaYregistro\framework\web\CController.php(286): SiteController->runAction()
#6 C:\xampp\htdocs\congresos\vistaYregistro\framework\web\CController.php(265): SiteController->runActionWithFilters()
#7 C:\xampp\htdocs\congresos\vistaYregistro\framework\web\CWebApplication.php(282): SiteController->run()
#8 C:\xampp\htdocs\congresos\vistaYregistro\framework\web\CWebApplication.php(141): CWebApplication->runController()
#9 C:\xampp\htdocs\congresos\vistaYregistro\framework\base\CApplication.php(184): CWebApplication->processRequest()
#10 C:\xampp\htdocs\congresos\vistaYregistro\congreso\index.php(13): CWebApplication->run()
REQUEST_URI=/congresos/vistaYregistro/congreso/
in C:\xampp\htdocs\congresos\vistaYregistro\congreso\protected\views\site\index.php (306)
in C:\xampp\htdocs\congresos\vistaYregistro\congreso\protected\controllers\SiteController.php (66)
in C:\xampp\htdocs\congresos\vistaYregistro\congreso\index.php (13)
2015/04/13 05:37:39 [error] [php] Undefined variable: dataProvider (C:\xampp\htdocs\congresos\vistaYregistro\congreso\protected\views\site\index.php:306)
Stack trace:
#0 C:\xampp\htdocs\congresos\vistaYregistro\framework\web\CController.php(869): SiteController->renderFile()
#1 C:\xampp\htdocs\congresos\vistaYregistro\framework\web\CController.php(782): SiteController->renderPartial()
#2 C:\xampp\htdocs\congresos\vistaYregistro\congreso\protected\controllers\SiteController.php(66): SiteController->render()
#3 C:\xampp\htdocs\congresos\vistaYregistro\framework\web\actions\CInlineAction.php(49): SiteController->actionIndex()
#4 C:\xampp\htdocs\congresos\vistaYregistro\framework\web\CController.php(308): CInlineAction->runWithParams()
#5 C:\xampp\htdocs\congresos\vistaYregistro\framework\web\CController.php(286): SiteController->runAction()
#6 C:\xampp\htdocs\congresos\vistaYregistro\framework\web\CController.php(265): SiteController->runActionWithFilters()
#7 C:\xampp\htdocs\congresos\vistaYregistro\framework\web\CWebApplication.php(282): SiteController->run()
#8 C:\xampp\htdocs\congresos\vistaYregistro\framework\web\CWebApplication.php(141): CWebApplication->runController()
#9 C:\xampp\htdocs\congresos\vistaYregistro\framework\base\CApplication.php(184): CWebApplication->processRequest()
#10 C:\xampp\htdocs\congresos\vistaYregistro\congreso\index.php(13): CWebApplication->run()
REQUEST_URI=/congresos/vistaYregistro/congreso/
in C:\xampp\htdocs\congresos\vistaYregistro\congreso\protected\views\site\index.php (306)
in C:\xampp\htdocs\congresos\vistaYregistro\congreso\protected\controllers\SiteController.php (66)
in C:\xampp\htdocs\congresos\vistaYregistro\congreso\index.php (13)
2015/04/13 05:37:41 [error] [php] Undefined variable: dataProvider (C:\xampp\htdocs\congresos\vistaYregistro\congreso\protected\views\site\index.php:306)
Stack trace:
#0 C:\xampp\htdocs\congresos\vistaYregistro\framework\web\CController.php(869): SiteController->renderFile()
#1 C:\xampp\htdocs\congresos\vistaYregistro\framework\web\CController.php(782): SiteController->renderPartial()
#2 C:\xampp\htdocs\congresos\vistaYregistro\congreso\protected\controllers\SiteController.php(66): SiteController->render()
#3 C:\xampp\htdocs\congresos\vistaYregistro\framework\web\actions\CInlineAction.php(49): SiteController->actionIndex()
#4 C:\xampp\htdocs\congresos\vistaYregistro\framework\web\CController.php(308): CInlineAction->runWithParams()
#5 C:\xampp\htdocs\congresos\vistaYregistro\framework\web\CController.php(286): SiteController->runAction()
#6 C:\xampp\htdocs\congresos\vistaYregistro\framework\web\CController.php(265): SiteController->runActionWithFilters()
#7 C:\xampp\htdocs\congresos\vistaYregistro\framework\web\CWebApplication.php(282): SiteController->run()
#8 C:\xampp\htdocs\congresos\vistaYregistro\framework\web\CWebApplication.php(141): CWebApplication->runController()
#9 C:\xampp\htdocs\congresos\vistaYregistro\framework\base\CApplication.php(184): CWebApplication->processRequest()
#10 C:\xampp\htdocs\congresos\vistaYregistro\congreso\index.php(13): CWebApplication->run()
REQUEST_URI=/congresos/vistaYregistro/congreso/
in C:\xampp\htdocs\congresos\vistaYregistro\congreso\protected\views\site\index.php (306)
in C:\xampp\htdocs\congresos\vistaYregistro\congreso\protected\controllers\SiteController.php (66)
in C:\xampp\htdocs\congresos\vistaYregistro\congreso\index.php (13)
2015/04/13 05:40:55 [error] [php] Undefined variable: dataProvider (C:\xampp\htdocs\congresos\vistaYregistro\congreso\protected\views\site\index.php:306)
Stack trace:
#0 C:\xampp\htdocs\congresos\vistaYregistro\framework\web\CController.php(869): SiteController->renderFile()
#1 C:\xampp\htdocs\congresos\vistaYregistro\framework\web\CController.php(782): SiteController->renderPartial()
#2 C:\xampp\htdocs\congresos\vistaYregistro\congreso\protected\controllers\SiteController.php(66): SiteController->render()
#3 C:\xampp\htdocs\congresos\vistaYregistro\framework\web\actions\CInlineAction.php(49): SiteController->actionIndex()
#4 C:\xampp\htdocs\congresos\vistaYregistro\framework\web\CController.php(308): CInlineAction->runWithParams()
#5 C:\xampp\htdocs\congresos\vistaYregistro\framework\web\CController.php(286): SiteController->runAction()
#6 C:\xampp\htdocs\congresos\vistaYregistro\framework\web\CController.php(265): SiteController->runActionWithFilters()
#7 C:\xampp\htdocs\congresos\vistaYregistro\framework\web\CWebApplication.php(282): SiteController->run()
#8 C:\xampp\htdocs\congresos\vistaYregistro\framework\web\CWebApplication.php(141): CWebApplication->runController()
#9 C:\xampp\htdocs\congresos\vistaYregistro\framework\base\CApplication.php(184): CWebApplication->processRequest()
#10 C:\xampp\htdocs\congresos\vistaYregistro\congreso\index.php(13): CWebApplication->run()
REQUEST_URI=/congresos/vistaYregistro/congreso/
in C:\xampp\htdocs\congresos\vistaYregistro\congreso\protected\views\site\index.php (306)
in C:\xampp\htdocs\congresos\vistaYregistro\congreso\protected\controllers\SiteController.php (66)
in C:\xampp\htdocs\congresos\vistaYregistro\congreso\index.php (13)
2015/04/13 05:40:57 [error] [php] Undefined variable: dataProvider (C:\xampp\htdocs\congresos\vistaYregistro\congreso\protected\views\site\index.php:306)
Stack trace:
#0 C:\xampp\htdocs\congresos\vistaYregistro\framework\web\CController.php(869): SiteController->renderFile()
#1 C:\xampp\htdocs\congresos\vistaYregistro\framework\web\CController.php(782): SiteController->renderPartial()
#2 C:\xampp\htdocs\congresos\vistaYregistro\congreso\protected\controllers\SiteController.php(66): SiteController->render()
#3 C:\xampp\htdocs\congresos\vistaYregistro\framework\web\actions\CInlineAction.php(49): SiteController->actionIndex()
#4 C:\xampp\htdocs\congresos\vistaYregistro\framework\web\CController.php(308): CInlineAction->runWithParams()
#5 C:\xampp\htdocs\congresos\vistaYregistro\framework\web\CController.php(286): SiteController->runAction()
#6 C:\xampp\htdocs\congresos\vistaYregistro\framework\web\CController.php(265): SiteController->runActionWithFilters()
#7 C:\xampp\htdocs\congresos\vistaYregistro\framework\web\CWebApplication.php(282): SiteController->run()
#8 C:\xampp\htdocs\congresos\vistaYregistro\framework\web\CWebApplication.php(141): CWebApplication->runController()
#9 C:\xampp\htdocs\congresos\vistaYregistro\framework\base\CApplication.php(184): CWebApplication->processRequest()
#10 C:\xampp\htdocs\congresos\vistaYregistro\congreso\index.php(13): CWebApplication->run()
REQUEST_URI=/congresos/vistaYregistro/congreso/
in C:\xampp\htdocs\congresos\vistaYregistro\congreso\protected\views\site\index.php (306)
in C:\xampp\htdocs\congresos\vistaYregistro\congreso\protected\controllers\SiteController.php (66)
in C:\xampp\htdocs\congresos\vistaYregistro\congreso\index.php (13)
2015/04/13 05:42:11 [error] [php] Undefined variable: dataProvider (C:\xampp\htdocs\congresos\vistaYregistro\congreso\protected\views\site\index.php:305)
Stack trace:
#0 C:\xampp\htdocs\congresos\vistaYregistro\framework\web\CController.php(869): SiteController->renderFile()
#1 C:\xampp\htdocs\congresos\vistaYregistro\framework\web\CController.php(782): SiteController->renderPartial()
#2 C:\xampp\htdocs\congresos\vistaYregistro\congreso\protected\controllers\SiteController.php(66): SiteController->render()
#3 C:\xampp\htdocs\congresos\vistaYregistro\framework\web\actions\CInlineAction.php(49): SiteController->actionIndex()
#4 C:\xampp\htdocs\congresos\vistaYregistro\framework\web\CController.php(308): CInlineAction->runWithParams()
#5 C:\xampp\htdocs\congresos\vistaYregistro\framework\web\CController.php(286): SiteController->runAction()
#6 C:\xampp\htdocs\congresos\vistaYregistro\framework\web\CController.php(265): SiteController->runActionWithFilters()
#7 C:\xampp\htdocs\congresos\vistaYregistro\framework\web\CWebApplication.php(282): SiteController->run()
#8 C:\xampp\htdocs\congresos\vistaYregistro\framework\web\CWebApplication.php(141): CWebApplication->runController()
#9 C:\xampp\htdocs\congresos\vistaYregistro\framework\base\CApplication.php(184): CWebApplication->processRequest()
#10 C:\xampp\htdocs\congresos\vistaYregistro\congreso\index.php(13): CWebApplication->run()
REQUEST_URI=/congresos/vistaYregistro/congreso/
in C:\xampp\htdocs\congresos\vistaYregistro\congreso\protected\views\site\index.php (305)
in C:\xampp\htdocs\congresos\vistaYregistro\congreso\protected\controllers\SiteController.php (66)
in C:\xampp\htdocs\congresos\vistaYregistro\congreso\index.php (13)
2015/04/13 06:10:40 [error] [php] Undefined variable: dataProvider (C:\xampp\htdocs\congresos\vistaYregistro\congreso\protected\views\site\index.php:305)
Stack trace:
#0 C:\xampp\htdocs\congresos\vistaYregistro\framework\web\CController.php(869): SiteController->renderFile()
#1 C:\xampp\htdocs\congresos\vistaYregistro\framework\web\CController.php(782): SiteController->renderPartial()
#2 C:\xampp\htdocs\congresos\vistaYregistro\congreso\protected\controllers\SiteController.php(66): SiteController->render()
#3 C:\xampp\htdocs\congresos\vistaYregistro\framework\web\actions\CInlineAction.php(49): SiteController->actionIndex()
#4 C:\xampp\htdocs\congresos\vistaYregistro\framework\web\CController.php(308): CInlineAction->runWithParams()
#5 C:\xampp\htdocs\congresos\vistaYregistro\framework\web\CController.php(286): SiteController->runAction()
#6 C:\xampp\htdocs\congresos\vistaYregistro\framework\web\CController.php(265): SiteController->runActionWithFilters()
#7 C:\xampp\htdocs\congresos\vistaYregistro\framework\web\CWebApplication.php(282): SiteController->run()
#8 C:\xampp\htdocs\congresos\vistaYregistro\framework\web\CWebApplication.php(141): CWebApplication->runController()
#9 C:\xampp\htdocs\congresos\vistaYregistro\framework\base\CApplication.php(184): CWebApplication->processRequest()
#10 C:\xampp\htdocs\congresos\vistaYregistro\congreso\index.php(13): CWebApplication->run()
REQUEST_URI=/congresos/vistaYregistro/congreso/
in C:\xampp\htdocs\congresos\vistaYregistro\congreso\protected\views\site\index.php (305)
in C:\xampp\htdocs\congresos\vistaYregistro\congreso\protected\controllers\SiteController.php (66)
in C:\xampp\htdocs\congresos\vistaYregistro\congreso\index.php (13)
2015/04/14 02:13:52 [error] [php] Undefined variable: dataProvider (C:\xampp\htdocs\congresos\vistaYregistro\congreso\protected\views\site\index.php:305)
Stack trace:
#0 C:\xampp\htdocs\congresos\vistaYregistro\framework\web\CController.php(869): SiteController->renderFile()
#1 C:\xampp\htdocs\congresos\vistaYregistro\framework\web\CController.php(782): SiteController->renderPartial()
#2 C:\xampp\htdocs\congresos\vistaYregistro\congreso\protected\controllers\SiteController.php(66): SiteController->render()
#3 C:\xampp\htdocs\congresos\vistaYregistro\framework\web\actions\CInlineAction.php(49): SiteController->actionIndex()
#4 C:\xampp\htdocs\congresos\vistaYregistro\framework\web\CController.php(308): CInlineAction->runWithParams()
#5 C:\xampp\htdocs\congresos\vistaYregistro\framework\web\CController.php(286): SiteController->runAction()
#6 C:\xampp\htdocs\congresos\vistaYregistro\framework\web\CController.php(265): SiteController->runActionWithFilters()
#7 C:\xampp\htdocs\congresos\vistaYregistro\framework\web\CWebApplication.php(282): SiteController->run()
#8 C:\xampp\htdocs\congresos\vistaYregistro\framework\web\CWebApplication.php(141): CWebApplication->runController()
#9 C:\xampp\htdocs\congresos\vistaYregistro\framework\base\CApplication.php(184): CWebApplication->processRequest()
#10 C:\xampp\htdocs\congresos\vistaYregistro\congreso\index.php(13): CWebApplication->run()
REQUEST_URI=/congresos/vistaYregistro/congreso/index.php?r=site/index
in C:\xampp\htdocs\congresos\vistaYregistro\congreso\protected\views\site\index.php (305)
in C:\xampp\htdocs\congresos\vistaYregistro\congreso\protected\controllers\SiteController.php (66)
in C:\xampp\htdocs\congresos\vistaYregistro\congreso\index.php (13)
2015/04/14 02:39:57 [error] [php] Undefined variable: participantes (C:\xampp\htdocs\congresos\vistaYregistro\congreso\protected\views\site\index.php:141)
Stack trace:
#0 C:\xampp\htdocs\congresos\vistaYregistro\framework\web\CController.php(869): SiteController->renderFile()
#1 C:\xampp\htdocs\congresos\vistaYregistro\framework\web\CController.php(782): SiteController->renderPartial()
#2 C:\xampp\htdocs\congresos\vistaYregistro\congreso\protected\controllers\SiteController.php(68): SiteController->render()
#3 C:\xampp\htdocs\congresos\vistaYregistro\framework\web\actions\CInlineAction.php(49): SiteController->actionIndex()
#4 C:\xampp\htdocs\congresos\vistaYregistro\framework\web\CController.php(308): CInlineAction->runWithParams()
#5 C:\xampp\htdocs\congresos\vistaYregistro\framework\web\CController.php(286): SiteController->runAction()
#6 C:\xampp\htdocs\congresos\vistaYregistro\framework\web\CController.php(265): SiteController->runActionWithFilters()
#7 C:\xampp\htdocs\congresos\vistaYregistro\framework\web\CWebApplication.php(282): SiteController->run()
#8 C:\xampp\htdocs\congresos\vistaYregistro\framework\web\CWebApplication.php(141): CWebApplication->runController()
#9 C:\xampp\htdocs\congresos\vistaYregistro\framework\base\CApplication.php(184): CWebApplication->processRequest()
#10 C:\xampp\htdocs\congresos\vistaYregistro\congreso\index.php(13): CWebApplication->run()
REQUEST_URI=/congresos/vistaYregistro/congreso/
in C:\xampp\htdocs\congresos\vistaYregistro\congreso\protected\views\site\index.php (141)
in C:\xampp\htdocs\congresos\vistaYregistro\congreso\protected\controllers\SiteController.php (68)
in C:\xampp\htdocs\congresos\vistaYregistro\congreso\index.php (13)
2015/04/14 02:42:05 [error] [php] Undefined variable: participantes (C:\xampp\htdocs\congresos\vistaYregistro\congreso\protected\views\site\index.php:141)
Stack trace:
#0 C:\xampp\htdocs\congresos\vistaYregistro\framework\web\CController.php(869): SiteController->renderFile()
#1 C:\xampp\htdocs\congresos\vistaYregistro\framework\web\CController.php(782): SiteController->renderPartial()
#2 C:\xampp\htdocs\congresos\vistaYregistro\congreso\protected\controllers\SiteController.php(68): SiteController->render()
#3 C:\xampp\htdocs\congresos\vistaYregistro\framework\web\actions\CInlineAction.php(49): SiteController->actionIndex()
#4 C:\xampp\htdocs\congresos\vistaYregistro\framework\web\CController.php(308): CInlineAction->runWithParams()
#5 C:\xampp\htdocs\congresos\vistaYregistro\framework\web\CController.php(286): SiteController->runAction()
#6 C:\xampp\htdocs\congresos\vistaYregistro\framework\web\CController.php(265): SiteController->runActionWithFilters()
#7 C:\xampp\htdocs\congresos\vistaYregistro\framework\web\CWebApplication.php(282): SiteController->run()
#8 C:\xampp\htdocs\congresos\vistaYregistro\framework\web\CWebApplication.php(141): CWebApplication->runController()
#9 C:\xampp\htdocs\congresos\vistaYregistro\framework\base\CApplication.php(184): CWebApplication->processRequest()
#10 C:\xampp\htdocs\congresos\vistaYregistro\congreso\index.php(13): CWebApplication->run()
REQUEST_URI=/congresos/vistaYregistro/congreso/
in C:\xampp\htdocs\congresos\vistaYregistro\congreso\protected\views\site\index.php (141)
in C:\xampp\htdocs\congresos\vistaYregistro\congreso\protected\controllers\SiteController.php (68)
in C:\xampp\htdocs\congresos\vistaYregistro\congreso\index.php (13)
2015/04/14 02:43:46 [error] [php] Undefined variable: value (C:\xampp\htdocs\congresos\vistaYregistro\congreso\protected\views\site\_ponente.php:11)
Stack trace:
#0 C:\xampp\htdocs\congresos\vistaYregistro\framework\zii\widgets\CListView.php(291): SiteController->renderFile()
#1 C:\xampp\htdocs\congresos\vistaYregistro\framework\zii\widgets\CBaseListView.php(181): CListView->renderItems()
#2 unknown(0): CListView->renderSection()
#3 C:\xampp\htdocs\congresos\vistaYregistro\framework\zii\widgets\CBaseListView.php(164): preg_replace_callback()
#4 C:\xampp\htdocs\congresos\vistaYregistro\framework\zii\widgets\CBaseListView.php(149): CListView->renderContent()
#5 C:\xampp\htdocs\congresos\vistaYregistro\framework\web\CBaseController.php(181): CListView->run()
#6 C:\xampp\htdocs\congresos\vistaYregistro\congreso\protected\views\site\index.php(146): SiteController->widget()
#7 C:\xampp\htdocs\congresos\vistaYregistro\framework\web\CBaseController.php(126): require()
#8 C:\xampp\htdocs\congresos\vistaYregistro\framework\web\CBaseController.php(95): SiteController->renderInternal()
#9 C:\xampp\htdocs\congresos\vistaYregistro\framework\web\CController.php(869): SiteController->renderFile()
#10 C:\xampp\htdocs\congresos\vistaYregistro\framework\web\CController.php(782): SiteController->renderPartial()
#11 C:\xampp\htdocs\congresos\vistaYregistro\congreso\protected\controllers\SiteController.php(68): SiteController->render()
#12 C:\xampp\htdocs\congresos\vistaYregistro\framework\web\actions\CInlineAction.php(49): SiteController->actionIndex()
#13 C:\xampp\htdocs\congresos\vistaYregistro\framework\web\CController.php(308): CInlineAction->runWithParams()
#14 C:\xampp\htdocs\congresos\vistaYregistro\framework\web\CController.php(286): SiteController->runAction()
#15 C:\xampp\htdocs\congresos\vistaYregistro\framework\web\CController.php(265): SiteController->runActionWithFilters()
#16 C:\xampp\htdocs\congresos\vistaYregistro\framework\web\CWebApplication.php(282): SiteController->run()
#17 C:\xampp\htdocs\congresos\vistaYregistro\framework\web\CWebApplication.php(141): CWebApplication->runController()
#18 C:\xampp\htdocs\congresos\vistaYregistro\framework\base\CApplication.php(184): CWebApplication->processRequest()
#19 C:\xampp\htdocs\congresos\vistaYregistro\congreso\index.php(13): CWebApplication->run()
REQUEST_URI=/congresos/vistaYregistro/congreso/
in C:\xampp\htdocs\congresos\vistaYregistro\congreso\protected\views\site\_ponente.php (11)
in C:\xampp\htdocs\congresos\vistaYregistro\congreso\protected\views\site\index.php (146)
in C:\xampp\htdocs\congresos\vistaYregistro\congreso\protected\controllers\SiteController.php (68)
2015/04/14 03:27:26 [error] [php] Undefined variable: evento (C:\xampp\htdocs\congresos\vistaYregistro\congreso\protected\views\layouts\public\main.php:55)
Stack trace:
#0 C:\xampp\htdocs\congresos\vistaYregistro\framework\web\widgets\CContentDecorator.php(76): SiteController->renderFile()
#1 C:\xampp\htdocs\congresos\vistaYregistro\framework\web\widgets\CContentDecorator.php(54): CContentDecorator->decorate()
#2 C:\xampp\htdocs\congresos\vistaYregistro\framework\web\widgets\COutputProcessor.php(44): CContentDecorator->processOutput()
#3 C:\xampp\htdocs\congresos\vistaYregistro\framework\web\CBaseController.php(214): CContentDecorator->run()
#4 C:\xampp\htdocs\congresos\vistaYregistro\framework\web\CBaseController.php(308): SiteController->endWidget()
#5 C:\xampp\htdocs\congresos\vistaYregistro\congreso\protected\views\layouts\public\column1.php(6): SiteController->endContent()
#6 C:\xampp\htdocs\congresos\vistaYregistro\framework\web\CBaseController.php(126): require()
#7 C:\xampp\htdocs\congresos\vistaYregistro\framework\web\CBaseController.php(95): SiteController->renderInternal()
#8 C:\xampp\htdocs\congresos\vistaYregistro\framework\web\CController.php(784): SiteController->renderFile()
#9 C:\xampp\htdocs\congresos\vistaYregistro\congreso\protected\controllers\SiteController.php(68): SiteController->render()
#10 C:\xampp\htdocs\congresos\vistaYregistro\framework\web\actions\CInlineAction.php(49): SiteController->actionIndex()
#11 C:\xampp\htdocs\congresos\vistaYregistro\framework\web\CController.php(308): CInlineAction->runWithParams()
#12 C:\xampp\htdocs\congresos\vistaYregistro\framework\web\CController.php(286): SiteController->runAction()
#13 C:\xampp\htdocs\congresos\vistaYregistro\framework\web\CController.php(265): SiteController->runActionWithFilters()
#14 C:\xampp\htdocs\congresos\vistaYregistro\framework\web\CWebApplication.php(282): SiteController->run()
#15 C:\xampp\htdocs\congresos\vistaYregistro\framework\web\CWebApplication.php(141): CWebApplication->runController()
#16 C:\xampp\htdocs\congresos\vistaYregistro\framework\base\CApplication.php(184): CWebApplication->processRequest()
#17 C:\xampp\htdocs\congresos\vistaYregistro\congreso\index.php(13): CWebApplication->run()
REQUEST_URI=/congresos/vistaYregistro/congreso/
in C:\xampp\htdocs\congresos\vistaYregistro\congreso\protected\views\layouts\public\main.php (55)
in C:\xampp\htdocs\congresos\vistaYregistro\congreso\protected\views\layouts\public\column1.php (6)
in C:\xampp\htdocs\congresos\vistaYregistro\congreso\protected\controllers\SiteController.php (68)
2015/04/14 03:30:58 [error] [php] Undefined variable: evento (C:\xampp\htdocs\congresos\vistaYregistro\congreso\protected\views\layouts\public\main.php:55)
Stack trace:
#0 C:\xampp\htdocs\congresos\vistaYregistro\framework\web\widgets\CContentDecorator.php(76): SiteController->renderFile()
#1 C:\xampp\htdocs\congresos\vistaYregistro\framework\web\widgets\CContentDecorator.php(54): CContentDecorator->decorate()
#2 C:\xampp\htdocs\congresos\vistaYregistro\framework\web\widgets\COutputProcessor.php(44): CContentDecorator->processOutput()
#3 C:\xampp\htdocs\congresos\vistaYregistro\framework\web\CBaseController.php(214): CContentDecorator->run()
#4 C:\xampp\htdocs\congresos\vistaYregistro\framework\web\CBaseController.php(308): SiteController->endWidget()
#5 C:\xampp\htdocs\congresos\vistaYregistro\congreso\protected\views\layouts\public\column1.php(6): SiteController->endContent()
#6 C:\xampp\htdocs\congresos\vistaYregistro\framework\web\CBaseController.php(126): require()
#7 C:\xampp\htdocs\congresos\vistaYregistro\framework\web\CBaseController.php(95): SiteController->renderInternal()
#8 C:\xampp\htdocs\congresos\vistaYregistro\framework\web\CController.php(784): SiteController->renderFile()
#9 C:\xampp\htdocs\congresos\vistaYregistro\congreso\protected\controllers\SiteController.php(68): SiteController->render()
#10 C:\xampp\htdocs\congresos\vistaYregistro\framework\web\actions\CInlineAction.php(49): SiteController->actionIndex()
#11 C:\xampp\htdocs\congresos\vistaYregistro\framework\web\CController.php(308): CInlineAction->runWithParams()
#12 C:\xampp\htdocs\congresos\vistaYregistro\framework\web\CController.php(286): SiteController->runAction()
#13 C:\xampp\htdocs\congresos\vistaYregistro\framework\web\CController.php(265): SiteController->runActionWithFilters()
#14 C:\xampp\htdocs\congresos\vistaYregistro\framework\web\CWebApplication.php(282): SiteController->run()
#15 C:\xampp\htdocs\congresos\vistaYregistro\framework\web\CWebApplication.php(141): CWebApplication->runController()
#16 C:\xampp\htdocs\congresos\vistaYregistro\framework\base\CApplication.php(184): CWebApplication->processRequest()
#17 C:\xampp\htdocs\congresos\vistaYregistro\congreso\index.php(13): CWebApplication->run()
REQUEST_URI=/congresos/vistaYregistro/congreso/
in C:\xampp\htdocs\congresos\vistaYregistro\congreso\protected\views\layouts\public\main.php (55)
in C:\xampp\htdocs\congresos\vistaYregistro\congreso\protected\views\layouts\public\column1.php (6)
in C:\xampp\htdocs\congresos\vistaYregistro\congreso\protected\controllers\SiteController.php (68)
2015/04/14 03:32:07 [error] [php] Undefined variable: evento (C:\xampp\htdocs\congresos\vistaYregistro\congreso\protected\views\layouts\public\main.php:55)
Stack trace:
#0 C:\xampp\htdocs\congresos\vistaYregistro\framework\web\widgets\CContentDecorator.php(76): SiteController->renderFile()
#1 C:\xampp\htdocs\congresos\vistaYregistro\framework\web\widgets\CContentDecorator.php(54): CContentDecorator->decorate()
#2 C:\xampp\htdocs\congresos\vistaYregistro\framework\web\widgets\COutputProcessor.php(44): CContentDecorator->processOutput()
#3 C:\xampp\htdocs\congresos\vistaYregistro\framework\web\CBaseController.php(214): CContentDecorator->run()
#4 C:\xampp\htdocs\congresos\vistaYregistro\framework\web\CBaseController.php(308): SiteController->endWidget()
#5 C:\xampp\htdocs\congresos\vistaYregistro\congreso\protected\views\layouts\public\column1.php(6): SiteController->endContent()
#6 C:\xampp\htdocs\congresos\vistaYregistro\framework\web\CBaseController.php(126): require()
#7 C:\xampp\htdocs\congresos\vistaYregistro\framework\web\CBaseController.php(95): SiteController->renderInternal()
#8 C:\xampp\htdocs\congresos\vistaYregistro\framework\web\CController.php(784): SiteController->renderFile()
#9 C:\xampp\htdocs\congresos\vistaYregistro\congreso\protected\controllers\SiteController.php(68): SiteController->render()
#10 C:\xampp\htdocs\congresos\vistaYregistro\framework\web\actions\CInlineAction.php(49): SiteController->actionIndex()
#11 C:\xampp\htdocs\congresos\vistaYregistro\framework\web\CController.php(308): CInlineAction->runWithParams()
#12 C:\xampp\htdocs\congresos\vistaYregistro\framework\web\CController.php(286): SiteController->runAction()
#13 C:\xampp\htdocs\congresos\vistaYregistro\framework\web\CController.php(265): SiteController->runActionWithFilters()
#14 C:\xampp\htdocs\congresos\vistaYregistro\framework\web\CWebApplication.php(282): SiteController->run()
#15 C:\xampp\htdocs\congresos\vistaYregistro\framework\web\CWebApplication.php(141): CWebApplication->runController()
#16 C:\xampp\htdocs\congresos\vistaYregistro\framework\base\CApplication.php(184): CWebApplication->processRequest()
#17 C:\xampp\htdocs\congresos\vistaYregistro\congreso\index.php(13): CWebApplication->run()
REQUEST_URI=/congresos/vistaYregistro/congreso/
in C:\xampp\htdocs\congresos\vistaYregistro\congreso\protected\views\layouts\public\main.php (55)
in C:\xampp\htdocs\congresos\vistaYregistro\congreso\protected\views\layouts\public\column1.php (6)
in C:\xampp\htdocs\congresos\vistaYregistro\congreso\protected\controllers\SiteController.php (68)
2015/04/14 03:32:16 [error] [php] Undefined variable: evento (C:\xampp\htdocs\congresos\vistaYregistro\congreso\protected\views\layouts\public\main.php:55)
Stack trace:
#0 C:\xampp\htdocs\congresos\vistaYregistro\framework\web\widgets\CContentDecorator.php(76): SiteController->renderFile()
#1 C:\xampp\htdocs\congresos\vistaYregistro\framework\web\widgets\CContentDecorator.php(54): CContentDecorator->decorate()
#2 C:\xampp\htdocs\congresos\vistaYregistro\framework\web\widgets\COutputProcessor.php(44): CContentDecorator->processOutput()
#3 C:\xampp\htdocs\congresos\vistaYregistro\framework\web\CBaseController.php(214): CContentDecorator->run()
#4 C:\xampp\htdocs\congresos\vistaYregistro\framework\web\CBaseController.php(308): SiteController->endWidget()
#5 C:\xampp\htdocs\congresos\vistaYregistro\congreso\protected\views\layouts\public\column1.php(6): SiteController->endContent()
#6 C:\xampp\htdocs\congresos\vistaYregistro\framework\web\CBaseController.php(126): require()
#7 C:\xampp\htdocs\congresos\vistaYregistro\framework\web\CBaseController.php(95): SiteController->renderInternal()
#8 C:\xampp\htdocs\congresos\vistaYregistro\framework\web\CController.php(784): SiteController->renderFile()
#9 C:\xampp\htdocs\congresos\vistaYregistro\congreso\protected\controllers\SiteController.php(68): SiteController->render()
#10 C:\xampp\htdocs\congresos\vistaYregistro\framework\web\actions\CInlineAction.php(49): SiteController->actionIndex()
#11 C:\xampp\htdocs\congresos\vistaYregistro\framework\web\CController.php(308): CInlineAction->runWithParams()
#12 C:\xampp\htdocs\congresos\vistaYregistro\framework\web\CController.php(286): SiteController->runAction()
#13 C:\xampp\htdocs\congresos\vistaYregistro\framework\web\CController.php(265): SiteController->runActionWithFilters()
#14 C:\xampp\htdocs\congresos\vistaYregistro\framework\web\CWebApplication.php(282): SiteController->run()
#15 C:\xampp\htdocs\congresos\vistaYregistro\framework\web\CWebApplication.php(141): CWebApplication->runController()
#16 C:\xampp\htdocs\congresos\vistaYregistro\framework\base\CApplication.php(184): CWebApplication->processRequest()
#17 C:\xampp\htdocs\congresos\vistaYregistro\congreso\index.php(13): CWebApplication->run()
REQUEST_URI=/congresos/vistaYregistro/congreso/
in C:\xampp\htdocs\congresos\vistaYregistro\congreso\protected\views\layouts\public\main.php (55)
in C:\xampp\htdocs\congresos\vistaYregistro\congreso\protected\views\layouts\public\column1.php (6)
in C:\xampp\htdocs\congresos\vistaYregistro\congreso\protected\controllers\SiteController.php (68)
2015/04/14 07:33:56 [error] [php] Trying to get property of non-object (C:\xampp\htdocs\topicosweb\vistaYregistro\congreso\protected\views\site\index.php:11)
Stack trace:
#0 C:\xampp\htdocs\topicosweb\vistaYregistro\framework\web\CController.php(869): SiteController->renderFile()
#1 C:\xampp\htdocs\topicosweb\vistaYregistro\framework\web\CController.php(782): SiteController->renderPartial()
#2 C:\xampp\htdocs\topicosweb\vistaYregistro\congreso\protected\controllers\SiteController.php(68): SiteController->render()
#3 C:\xampp\htdocs\topicosweb\vistaYregistro\framework\web\actions\CInlineAction.php(49): SiteController->actionIndex()
#4 C:\xampp\htdocs\topicosweb\vistaYregistro\framework\web\CController.php(308): CInlineAction->runWithParams()
#5 C:\xampp\htdocs\topicosweb\vistaYregistro\framework\web\CController.php(286): SiteController->runAction()
#6 C:\xampp\htdocs\topicosweb\vistaYregistro\framework\web\CController.php(265): SiteController->runActionWithFilters()
#7 C:\xampp\htdocs\topicosweb\vistaYregistro\framework\web\CWebApplication.php(282): SiteController->run()
#8 C:\xampp\htdocs\topicosweb\vistaYregistro\framework\web\CWebApplication.php(141): CWebApplication->runController()
#9 C:\xampp\htdocs\topicosweb\vistaYregistro\framework\base\CApplication.php(184): CWebApplication->processRequest()
#10 C:\xampp\htdocs\topicosweb\vistaYregistro\congreso\index.php(13): CWebApplication->run()
REQUEST_URI=/topicosweb/vistaYregistro/congreso/index.php?r=/site/index
in C:\xampp\htdocs\topicosweb\vistaYregistro\congreso\protected\views\site\index.php (11)
in C:\xampp\htdocs\topicosweb\vistaYregistro\congreso\protected\controllers\SiteController.php (68)
in C:\xampp\htdocs\topicosweb\vistaYregistro\congreso\index.php (13)
2015/04/14 07:33:59 [error] [php] Trying to get property of non-object (C:\xampp\htdocs\topicosweb\vistaYregistro\congreso\protected\views\site\index.php:11)
Stack trace:
#0 C:\xampp\htdocs\topicosweb\vistaYregistro\framework\web\CController.php(869): SiteController->renderFile()
#1 C:\xampp\htdocs\topicosweb\vistaYregistro\framework\web\CController.php(782): SiteController->renderPartial()
#2 C:\xampp\htdocs\topicosweb\vistaYregistro\congreso\protected\controllers\SiteController.php(68): SiteController->render()
#3 C:\xampp\htdocs\topicosweb\vistaYregistro\framework\web\actions\CInlineAction.php(49): SiteController->actionIndex()
#4 C:\xampp\htdocs\topicosweb\vistaYregistro\framework\web\CController.php(308): CInlineAction->runWithParams()
#5 C:\xampp\htdocs\topicosweb\vistaYregistro\framework\web\CController.php(286): SiteController->runAction()
#6 C:\xampp\htdocs\topicosweb\vistaYregistro\framework\web\CController.php(265): SiteController->runActionWithFilters()
#7 C:\xampp\htdocs\topicosweb\vistaYregistro\framework\web\CWebApplication.php(282): SiteController->run()
#8 C:\xampp\htdocs\topicosweb\vistaYregistro\framework\web\CWebApplication.php(141): CWebApplication->runController()
#9 C:\xampp\htdocs\topicosweb\vistaYregistro\framework\base\CApplication.php(184): CWebApplication->processRequest()
#10 C:\xampp\htdocs\topicosweb\vistaYregistro\congreso\index.php(13): CWebApplication->run()
REQUEST_URI=/topicosweb/vistaYregistro/congreso/index.php?r=/site/index
in C:\xampp\htdocs\topicosweb\vistaYregistro\congreso\protected\views\site\index.php (11)
in C:\xampp\htdocs\topicosweb\vistaYregistro\congreso\protected\controllers\SiteController.php (68)
in C:\xampp\htdocs\topicosweb\vistaYregistro\congreso\index.php (13)
2015/04/14 08:38:37 [error] [system.db.CDbCommand] CDbCommand::fetchAll() failed: SQLSTATE[42S02]: Base table or view not found: 1146 Table 'citec.usuarios' doesn't exist. The SQL statement executed was: SHOW FULL COLUMNS FROM `usuarios`.
in C:\xampp\htdocs\topicosweb\vistaYregistro\congreso\protected\controllers\UsuariosController.php (136)
in C:\xampp\htdocs\topicosweb\vistaYregistro\congreso\index.php (13)
2015/04/14 08:38:37 [error] [exception.CDbException] exception 'CDbException' with message 'The table "usuarios" for active record class "Usuarios" cannot be found in the database.' in C:\xampp\htdocs\topicosweb\vistaYregistro\framework\db\ar\CActiveRecord.php:2385
Stack trace:
#0 C:\xampp\htdocs\topicosweb\vistaYregistro\framework\db\ar\CActiveRecord.php(411): CActiveRecordMetaData->__construct(Object(Usuarios))
#1 C:\xampp\htdocs\topicosweb\vistaYregistro\framework\db\ar\CActiveRecord.php(79): CActiveRecord->getMetaData()
#2 C:\xampp\htdocs\topicosweb\vistaYregistro\congreso\protected\controllers\UsuariosController.php(136): CActiveRecord->__construct('search')
#3 C:\xampp\htdocs\topicosweb\vistaYregistro\framework\web\actions\CInlineAction.php(49): UsuariosController->actionAdmin()
#4 C:\xampp\htdocs\topicosweb\vistaYregistro\framework\web\CController.php(308): CInlineAction->runWithParams(Array)
#5 C:\xampp\htdocs\topicosweb\vistaYregistro\framework\web\filters\CFilterChain.php(133): CController->runAction(Object(CInlineAction))
#6 C:\xampp\htdocs\topicosweb\vistaYregistro\framework\web\filters\CFilter.php(40): CFilterChain->run()
#7 C:\xampp\htdocs\topicosweb\vistaYregistro\framework\web\CController.php(1145): CFilter->filter(Object(CFilterChain))
#8 C:\xampp\htdocs\topicosweb\vistaYregistro\framework\web\filters\CInlineFilter.php(58): CController->filterAccessControl(Object(CFilterChain))
#9 C:\xampp\htdocs\topicosweb\vistaYregistro\framework\web\filters\CFilterChain.php(130): CInlineFilter->filter(Object(CFilterChain))
#10 C:\xampp\htdocs\topicosweb\vistaYregistro\framework\web\CController.php(291): CFilterChain->run()
#11 C:\xampp\htdocs\topicosweb\vistaYregistro\framework\web\CController.php(265): CController->runActionWithFilters(Object(CInlineAction), Array)
#12 C:\xampp\htdocs\topicosweb\vistaYregistro\framework\web\CWebApplication.php(282): CController->run('admin')
#13 C:\xampp\htdocs\topicosweb\vistaYregistro\framework\web\CWebApplication.php(141): CWebApplication->runController('usuarios/admin')
#14 C:\xampp\htdocs\topicosweb\vistaYregistro\framework\base\CApplication.php(184): CWebApplication->processRequest()
#15 C:\xampp\htdocs\topicosweb\vistaYregistro\congreso\index.php(13): CApplication->run()
#16 {main}
REQUEST_URI=/topicosweb/vistaYregistro/congreso/index.php?r=usuarios/admin
HTTP_REFERER=http://localhost:4430/topicosweb/vistaYregistro/congreso/index.php?r=actividades/admin
---
